<?xml version="1.0" encoding="UTF-8" standalone="yes"?>
<testsuites name="Data Sources Test Suite" time="56" tests="1" failures="1" errors="0">
    <testsuite name="Data Sources Test Suite" tests="1" failures="1" errors="0" time="56" timestamp="2019-11-04 21:22:57" hostname="BaPpY - 192.168.0.108" id="Test Suites/Multiple Sources/Data Sources Test Suite">
        <properties>
            <property name="deviceName" value=""/>
            <property name="devicePlatform" value=""/>
            <property name="logFolder" value="G:\\Katalon Studio\\Katalon Workspace\\Execution Profiles Testing Example\\Reports\\20191104_212255\\Multiple Sources\\Data Sources Test Suite\\20191104_212255"/>
            <property name="logFiles" value="G:\\Katalon Studio\\Katalon Workspace\\Execution Profiles Testing Example\\Reports\\20191104_212255\\Multiple Sources\\Data Sources Test Suite\\20191104_212255\\execution0.log"/>
            <property name="attachments" value="G:\\Katalon Studio\\Katalon Workspace\\Execution Profiles Testing Example\\Reports\\20191104_212255\\Multiple Sources\\Data Sources Test Suite\\20191104_212255\\1572881031326.png"/>
            <property name="hostName" value="BaPpY - 192.168.0.108"/>
            <property name="os" value="Windows 10 64bit"/>
            <property name="katalonVersion" value="6.3.3.11"/>
            <property name="browser" value="Chrome 78.0.3904.87"/>
            <property name="hostAddress" value="192.168.0.108"/>
            <property name="sessionId" value="02cb1a604cae201119bf2c09a13e6c3c"/>
            <property name="seleniumVersion" value="3.141.59"/>
            <property name="proxyInformation" value="ProxyInformation{proxyOption=NO_PROXY, proxyServerType=HTTP, password=, proxyServerAddress=, proxyServerPort=0}"/>
            <property name="platform" value="Windows 10"/>
        </properties>
        <testcase name="Test Cases/From Multiple Data Sources/Login Logout Test Case" classname="Test Cases/From Multiple Data Sources/Login Logout Test Case" status="PASSED">
            <system-out>2019-11-04 21:22:58 - [TEST_CASE][PASSED] - Test Cases/From Multiple Data Sources/Login Logout Test Case: Test Cases/From Multiple Data Sources/Login Logout Test Case&#xD;
&#xD;
2019-11-04 21:22:58 - [TEST_STEP][PASSED] - Start listener action : sampleBeforeTestCase: null&#xD;
&#xD;
2019-11-04 21:22:58 - [TEST_STEP][PASSED] - println(testCaseContext.getTestCaseId()): null&#xD;
&#xD;
2019-11-04 21:22:58 - [TEST_STEP][PASSED] - println(testCaseContext.getTestCaseVariables()): null&#xD;
&#xD;
2019-11-04 21:22:58 - [TEST_STEP][PASSED] - Start listener action : onTestCaseStart: null&#xD;
&#xD;
2019-11-04 21:22:58 - [TEST_STEP][PASSED] - println("
 Within onTestCaseStart 
"): null&#xD;
&#xD;
2019-11-04 21:22:58 - [TEST_STEP][PASSED] - openBrowser(""): Browser is opened with url: ''&#xD;
&#xD;
2019-11-04 21:22:58 - [MESSAGE][INFO] - Starting 'Chrome' driver&#xD;
&#xD;
2019-11-04 21:22:59 - [MESSAGE][INFO] - Action delay is set to 0 seconds&#xD;
&#xD;
2019-11-04 21:23:02 - [MESSAGE][PASSED] - Browser is opened with url: ''&#xD;
&#xD;
2019-11-04 21:23:02 - [TEST_STEP][PASSED] - navigateToUrl(URL_Address): Navigate to 'https://opensource-demo.orangehrmlive.com/' successfully&#xD;
&#xD;
2019-11-04 21:23:07 - [MESSAGE][PASSED] - Navigate to 'https://opensource-demo.orangehrmlive.com/' successfully&#xD;
&#xD;
2019-11-04 21:23:07 - [TEST_STEP][PASSED] - setText(findTestObject("Object Repository/Data Sources/Page_OrangeHRM/input_LOGIN Panel_txtUsername"), u_Name): Text 'Admin' is set on object 'Object Repository/Data Sources/Page_OrangeHRM/input_LOGIN Panel_txtUsername'&#xD;
&#xD;
2019-11-04 21:23:07 - [MESSAGE][PASSED] - Text 'Admin' is set on object 'Object Repository/Data Sources/Page_OrangeHRM/input_LOGIN Panel_txtUsername'&#xD;
&#xD;
2019-11-04 21:23:07 - [TEST_STEP][PASSED] - setEncryptedText(findTestObject("Object Repository/Data Sources/Page_OrangeHRM/input_Username_txtPassword"), u_Password): Text ****** has been set on object 'Object Repository/Data Sources/Page_OrangeHRM/input_Username_txtPassword'&#xD;
&#xD;
2019-11-04 21:23:07 - [MESSAGE][PASSED] - Text ****** has been set on object 'Object Repository/Data Sources/Page_OrangeHRM/input_Username_txtPassword'&#xD;
&#xD;
2019-11-04 21:23:07 - [TEST_STEP][PASSED] - click(findTestObject("Object Repository/Data Sources/Page_OrangeHRM/input_Password_Submit")): Object: 'Object Repository/Data Sources/Page_OrangeHRM/input_Password_Submit' is clicked on&#xD;
&#xD;
2019-11-04 21:23:10 - [MESSAGE][PASSED] - Object: 'Object Repository/Data Sources/Page_OrangeHRM/input_Password_Submit' is clicked on&#xD;
&#xD;
2019-11-04 21:23:10 - [TEST_STEP][PASSED] - click(findTestObject("Object Repository/Data Sources/Page_OrangeHRM/a_Welcome Admin")): Object: 'Object Repository/Data Sources/Page_OrangeHRM/a_Welcome Admin' is clicked on&#xD;
&#xD;
2019-11-04 21:23:10 - [MESSAGE][PASSED] - Object: 'Object Repository/Data Sources/Page_OrangeHRM/a_Welcome Admin' is clicked on&#xD;
&#xD;
2019-11-04 21:23:10 - [TEST_STEP][PASSED] - waitForElementPresent(findTestObject("Data Sources/Page_OrangeHRM/a_Logout"), 2): Object 'Object Repository/Data Sources/Page_OrangeHRM/a_Logout' is present&#xD;
&#xD;
2019-11-04 21:23:10 - [MESSAGE][PASSED] - Object 'Object Repository/Data Sources/Page_OrangeHRM/a_Logout' is present&#xD;
&#xD;
2019-11-04 21:23:10 - [TEST_STEP][PASSED] - click(findTestObject("Object Repository/Data Sources/Page_OrangeHRM/a_Logout")): Object: 'Object Repository/Data Sources/Page_OrangeHRM/a_Logout' is clicked on&#xD;
&#xD;
2019-11-04 21:23:13 - [MESSAGE][PASSED] - Object: 'Object Repository/Data Sources/Page_OrangeHRM/a_Logout' is clicked on&#xD;
&#xD;
2019-11-04 21:23:13 - [TEST_STEP][PASSED] - closeBrowser(): Browser is closed&#xD;
&#xD;
2019-11-04 21:23:13 - [MESSAGE][PASSED] - Browser is closed&#xD;
&#xD;
2019-11-04 21:23:13 - [TEST_STEP][PASSED] - Start listener action : onTestCaseFinish: null&#xD;
&#xD;
2019-11-04 21:23:13 - [TEST_STEP][PASSED] - println("
 Within onTestCaseFinish 
"): null&#xD;
&#xD;
2019-11-04 21:23:13 - [TEST_STEP][PASSED] - Start listener action : sampleAfterTestCase: null&#xD;
&#xD;
2019-11-04 21:23:13 - [TEST_STEP][PASSED] - println(testCaseContext.getTestCaseId()): null&#xD;
&#xD;
2019-11-04 21:23:13 - [TEST_STEP][PASSED] - println(testCaseContext.getTestCaseStatus()): null</system-out>
            <system-err></system-err>
        </testcase>
        <testcase name="Test Cases/From Multiple Data Sources/Login Logout Test Case" classname="Test Cases/From Multiple Data Sources/Login Logout Test Case" status="FAILED">
            <failure type="FAILED" message="Test Cases/From Multiple Data Sources/Login Logout Test Case FAILED.&#xA;Reason:&#xA;com.kms.katalon.core.exception.StepFailedException: Unable to set text 'admin' of object 'Object Repository/Data Sources/Page_OrangeHRM/input_LOGIN Panel_txtUsername'&#xD;&#xA;&#x9;at com.kms.katalon.core.webui.keyword.internal.WebUIKeywordMain.stepFailed(WebUIKeywordMain.groovy:64)&#xD;&#xA;&#x9;at com.kms.katalon.core.webui.keyword.internal.WebUIKeywordMain.runKeyword(WebUIKeywordMain.groovy:26)&#xD;&#xA;&#x9;at com.kms.katalon.core.webui.keyword.builtin.SetTextKeyword.setText(SetTextKeyword.groovy:66)&#xD;&#xA;&#x9;at com.kms.katalon.core.webui.keyword.builtin.SetTextKeyword.execute(SetTextKeyword.groovy:37)&#xD;&#xA;&#x9;at com.kms.katalon.core.keyword.internal.KeywordExecutor.executeKeywordForPlatform(KeywordExecutor.groovy:56)&#xD;&#xA;&#x9;at com.kms.katalon.core.webui.keyword.WebUiBuiltInKeywords.setText(WebUiBuiltInKeywords.groovy:950)&#xD;&#xA;&#x9;at com.kms.katalon.core.webui.keyword.WebUiBuiltInKeywords$setText$1.call(Unknown Source)&#xD;&#xA;&#x9;at Login Logout Test Case.run(Login Logout Test Case:21)&#xD;&#xA;&#x9;at com.kms.katalon.core.main.ScriptEngine.run(ScriptEngine.java:194)&#xD;&#xA;&#x9;at com.kms.katalon.core.main.ScriptEngine.runScriptAsRawText(ScriptEngine.java:119)&#xD;&#xA;&#x9;at com.kms.katalon.core.main.TestCaseExecutor.runScript(TestCaseExecutor.java:337)&#xD;&#xA;&#x9;at com.kms.katalon.core.main.TestCaseExecutor.doExecute(TestCaseExecutor.java:328)&#xD;&#xA;&#x9;at com.kms.katalon.core.main.TestCaseExecutor.processExecutionPhase(TestCaseExecutor.java:307)&#xD;&#xA;&#x9;at com.kms.katalon.core.main.TestCaseExecutor.accessMainPhase(TestCaseExecutor.java:299)&#xD;&#xA;&#x9;at com.kms.katalon.core.main.TestCaseExecutor.execute(TestCaseExecutor.java:233)&#xD;&#xA;&#x9;at com.kms.katalon.core.main.TestSuiteExecutor.accessTestCaseMainPhase(TestSuiteExecutor.java:169)&#xD;&#xA;&#x9;at com.kms.katalon.core.main.TestSuiteExecutor.accessTestSuiteMainPhase(TestSuiteExecutor.java:142)&#xD;&#xA;&#x9;at com.kms.katalon.core.main.TestSuiteExecutor.execute(TestSuiteExecutor.java:91)&#xD;&#xA;&#x9;at com.kms.katalon.core.main.TestCaseMain.startTestSuite(TestCaseMain.java:157)&#xD;&#xA;&#x9;at com.kms.katalon.core.main.TestCaseMain$startTestSuite$0.call(Unknown Source)&#xD;&#xA;&#x9;at TempTestSuite1572880975722.run(TempTestSuite1572880975722.groovy:35)&#xD;&#xA;Caused by: com.kms.katalon.core.webui.exception.WebElementNotFoundException: Web element with id: 'Object Repository/Data Sources/Page_OrangeHRM/input_LOGIN Panel_txtUsername' located by 'By.xpath: //input[@id='txtUsername']' not found&#xD;&#xA;&#x9;at com.kms.katalon.core.webui.common.WebUiCommonHelper.findWebElement(WebUiCommonHelper.java:1097)&#xD;&#xA;&#x9;at com.kms.katalon.core.webui.keyword.internal.WebUIAbstractKeyword.findWebElement(WebUIAbstractKeyword.groovy:27)&#xD;&#xA;&#x9;at com.kms.katalon.core.webui.keyword.internal.WebUIAbstractKeyword.findWebElement(WebUIAbstractKeyword.groovy:26)&#xD;&#xA;&#x9;at com.kms.katalon.core.webui.keyword.builtin.SetTextKeyword$_setText_closure1.doCall(SetTextKeyword.groovy:51)&#xD;&#xA;&#x9;at com.kms.katalon.core.webui.keyword.builtin.SetTextKeyword$_setText_closure1.call(SetTextKeyword.groovy)&#xD;&#xA;&#x9;at com.kms.katalon.core.webui.keyword.internal.WebUIKeywordMain.runKeyword(WebUIKeywordMain.groovy:20)&#xD;&#xA;&#x9;... 19 more&#xD;&#xA;"/>
            <system-out>2019-11-04 21:23:16 - [TEST_CASE][FAILED] - Test Cases/From Multiple Data Sources/Login Logout Test Case: Test Cases/From Multiple Data Sources/Login Logout Test Case FAILED.
Reason:
com.kms.katalon.core.exception.StepFailedException: Unable to set text 'admin' of object 'Object Repository/Data Sources/Page_OrangeHRM/input_LOGIN Panel_txtUsername'&#xD;
	at com.kms.katalon.core.webui.keyword.internal.WebUIKeywordMain.stepFailed(WebUIKeywordMain.groovy:64)&#xD;
	at com.kms.katalon.core.webui.keyword.internal.WebUIKeywordMain.runKeyword(WebUIKeywordMain.groovy:26)&#xD;
	at com.kms.katalon.core.webui.keyword.builtin.SetTextKeyword.setText(SetTextKeyword.groovy:66)&#xD;
	at com.kms.katalon.core.webui.keyword.builtin.SetTextKeyword.execute(SetTextKeyword.groovy:37)&#xD;
	at com.kms.katalon.core.keyword.internal.KeywordExecutor.executeKeywordForPlatform(KeywordExecutor.groovy:56)&#xD;
	at com.kms.katalon.core.webui.keyword.WebUiBuiltInKeywords.setText(WebUiBuiltInKeywords.groovy:950)&#xD;
	at com.kms.katalon.core.webui.keyword.WebUiBuiltInKeywords$setText$1.call(Unknown Source)&#xD;
	at Login Logout Test Case.run(Login Logout Test Case:21)&#xD;
	at com.kms.katalon.core.main.ScriptEngine.run(ScriptEngine.java:194)&#xD;
	at com.kms.katalon.core.main.ScriptEngine.runScriptAsRawText(ScriptEngine.java:119)&#xD;
	at com.kms.katalon.core.main.TestCaseExecutor.runScript(TestCaseExecutor.java:337)&#xD;
	at com.kms.katalon.core.main.TestCaseExecutor.doExecute(TestCaseExecutor.java:328)&#xD;
	at com.kms.katalon.core.main.TestCaseExecutor.processExecutionPhase(TestCaseExecutor.java:307)&#xD;
	at com.kms.katalon.core.main.TestCaseExecutor.accessMainPhase(TestCaseExecutor.java:299)&#xD;
	at com.kms.katalon.core.main.TestCaseExecutor.execute(TestCaseExecutor.java:233)&#xD;
	at com.kms.katalon.core.main.TestSuiteExecutor.accessTestCaseMainPhase(TestSuiteExecutor.java:169)&#xD;
	at com.kms.katalon.core.main.TestSuiteExecutor.accessTestSuiteMainPhase(TestSuiteExecutor.java:142)&#xD;
	at com.kms.katalon.core.main.TestSuiteExecutor.execute(TestSuiteExecutor.java:91)&#xD;
	at com.kms.katalon.core.main.TestCaseMain.startTestSuite(TestCaseMain.java:157)&#xD;
	at com.kms.katalon.core.main.TestCaseMain$startTestSuite$0.call(Unknown Source)&#xD;
	at TempTestSuite1572880975722.run(TempTestSuite1572880975722.groovy:35)&#xD;
Caused by: com.kms.katalon.core.webui.exception.WebElementNotFoundException: Web element with id: 'Object Repository/Data Sources/Page_OrangeHRM/input_LOGIN Panel_txtUsername' located by 'By.xpath: //input[@id='txtUsername']' not found&#xD;
	at com.kms.katalon.core.webui.common.WebUiCommonHelper.findWebElement(WebUiCommonHelper.java:1097)&#xD;
	at com.kms.katalon.core.webui.keyword.internal.WebUIAbstractKeyword.findWebElement(WebUIAbstractKeyword.groovy:27)&#xD;
	at com.kms.katalon.core.webui.keyword.internal.WebUIAbstractKeyword.findWebElement(WebUIAbstractKeyword.groovy:26)&#xD;
	at com.kms.katalon.core.webui.keyword.builtin.SetTextKeyword$_setText_closure1.doCall(SetTextKeyword.groovy:51)&#xD;
	at com.kms.katalon.core.webui.keyword.builtin.SetTextKeyword$_setText_closure1.call(SetTextKeyword.groovy)&#xD;
	at com.kms.katalon.core.webui.keyword.internal.WebUIKeywordMain.runKeyword(WebUIKeywordMain.groovy:20)&#xD;
	... 19 more&#xD;
&#xD;
&#xD;
2019-11-04 21:23:16 - [TEST_STEP][PASSED] - Start listener action : sampleBeforeTestCase: null&#xD;
&#xD;
2019-11-04 21:23:16 - [TEST_STEP][PASSED] - println(testCaseContext.getTestCaseId()): null&#xD;
&#xD;
2019-11-04 21:23:16 - [TEST_STEP][PASSED] - println(testCaseContext.getTestCaseVariables()): null&#xD;
&#xD;
2019-11-04 21:23:16 - [TEST_STEP][PASSED] - Start listener action : onTestCaseStart: null&#xD;
&#xD;
2019-11-04 21:23:16 - [TEST_STEP][PASSED] - println("
 Within onTestCaseStart 
"): null&#xD;
&#xD;
2019-11-04 21:23:16 - [TEST_STEP][PASSED] - openBrowser(""): Browser is opened with url: ''&#xD;
&#xD;
2019-11-04 21:23:16 - [MESSAGE][INFO] - Starting 'Chrome' driver&#xD;
&#xD;
2019-11-04 21:23:18 - [MESSAGE][PASSED] - Browser is opened with url: ''&#xD;
&#xD;
2019-11-04 21:23:18 - [TEST_STEP][PASSED] - navigateToUrl(URL_Address): Navigate to 'https://www.google.com' successfully&#xD;
&#xD;
2019-11-04 21:23:20 - [MESSAGE][PASSED] - Navigate to 'https://www.google.com' successfully&#xD;
&#xD;
2019-11-04 21:23:20 - [TEST_STEP][FAILED] - setText(findTestObject("Object Repository/Data Sources/Page_OrangeHRM/input_LOGIN Panel_txtUsername"), u_Name): Unable to set text 'admin' of object 'Object Repository/Data Sources/Page_OrangeHRM/input_LOGIN Panel_txtUsername' (Root cause: com.kms.katalon.core.exception.StepFailedException: Unable to set text 'admin' of object 'Object Repository/Data Sources/Page_OrangeHRM/input_LOGIN Panel_txtUsername'&#xD;
	at com.kms.katalon.core.webui.keyword.internal.WebUIKeywordMain.stepFailed(WebUIKeywordMain.groovy:64)&#xD;
	at com.kms.katalon.core.webui.keyword.internal.WebUIKeywordMain.runKeyword(WebUIKeywordMain.groovy:26)&#xD;
	at com.kms.katalon.core.webui.keyword.builtin.SetTextKeyword.setText(SetTextKeyword.groovy:66)&#xD;
	at com.kms.katalon.core.webui.keyword.builtin.SetTextKeyword.execute(SetTextKeyword.groovy:37)&#xD;
	at com.kms.katalon.core.keyword.internal.KeywordExecutor.executeKeywordForPlatform(KeywordExecutor.groovy:56)&#xD;
	at com.kms.katalon.core.webui.keyword.WebUiBuiltInKeywords.setText(WebUiBuiltInKeywords.groovy:950)&#xD;
	at com.kms.katalon.core.webui.keyword.WebUiBuiltInKeywords$setText$1.call(Unknown Source)&#xD;
	at Login Logout Test Case.run(Login Logout Test Case:21)&#xD;
	at com.kms.katalon.core.main.ScriptEngine.run(ScriptEngine.java:194)&#xD;
	at com.kms.katalon.core.main.ScriptEngine.runScriptAsRawText(ScriptEngine.java:119)&#xD;
	at com.kms.katalon.core.main.TestCaseExecutor.runScript(TestCaseExecutor.java:337)&#xD;
	at com.kms.katalon.core.main.TestCaseExecutor.doExecute(TestCaseExecutor.java:328)&#xD;
	at com.kms.katalon.core.main.TestCaseExecutor.processExecutionPhase(TestCaseExecutor.java:307)&#xD;
	at com.kms.katalon.core.main.TestCaseExecutor.accessMainPhase(TestCaseExecutor.java:299)&#xD;
	at com.kms.katalon.core.main.TestCaseExecutor.execute(TestCaseExecutor.java:233)&#xD;
	at com.kms.katalon.core.main.TestSuiteExecutor.accessTestCaseMainPhase(TestSuiteExecutor.java:169)&#xD;
	at com.kms.katalon.core.main.TestSuiteExecutor.accessTestSuiteMainPhase(TestSuiteExecutor.java:142)&#xD;
	at com.kms.katalon.core.main.TestSuiteExecutor.execute(TestSuiteExecutor.java:91)&#xD;
	at com.kms.katalon.core.main.TestCaseMain.startTestSuite(TestCaseMain.java:157)&#xD;
	at com.kms.katalon.core.main.TestCaseMain$startTestSuite$0.call(Unknown Source)&#xD;
	at TempTestSuite1572880975722.run(TempTestSuite1572880975722.groovy:35)&#xD;
Caused by: com.kms.katalon.core.webui.exception.WebElementNotFoundException: Web element with id: 'Object Repository/Data Sources/Page_OrangeHRM/input_LOGIN Panel_txtUsername' located by 'By.xpath: //input[@id='txtUsername']' not found&#xD;
	at com.kms.katalon.core.webui.common.WebUiCommonHelper.findWebElement(WebUiCommonHelper.java:1097)&#xD;
	at com.kms.katalon.core.webui.keyword.internal.WebUIAbstractKeyword.findWebElement(WebUIAbstractKeyword.groovy:27)&#xD;
	at com.kms.katalon.core.webui.keyword.internal.WebUIAbstractKeyword.findWebElement(WebUIAbstractKeyword.groovy:26)&#xD;
	at com.kms.katalon.core.webui.keyword.builtin.SetTextKeyword$_setText_closure1.doCall(SetTextKeyword.groovy:51)&#xD;
	at com.kms.katalon.core.webui.keyword.builtin.SetTextKeyword$_setText_closure1.call(SetTextKeyword.groovy)&#xD;
	at com.kms.katalon.core.webui.keyword.internal.WebUIKeywordMain.runKeyword(WebUIKeywordMain.groovy:20)&#xD;
	at com.kms.katalon.core.webui.keyword.builtin.SetTextKeyword.setText(SetTextKeyword.groovy:66)&#xD;
	at com.kms.katalon.core.webui.keyword.builtin.SetTextKeyword.execute(SetTextKeyword.groovy:37)&#xD;
	at com.kms.katalon.core.keyword.internal.KeywordExecutor.executeKeywordForPlatform(KeywordExecutor.groovy:56)&#xD;
	at com.kms.katalon.core.webui.keyword.WebUiBuiltInKeywords.setText(WebUiBuiltInKeywords.groovy:950)&#xD;
	at com.kms.katalon.core.webui.keyword.WebUiBuiltInKeywords$setText$1.call(Unknown Source)&#xD;
	at Script1572879205217.run(Script1572879205217.groovy:21)&#xD;
	... 13 more&#xD;
)&#xD;
&#xD;
2019-11-04 21:23:51 - [MESSAGE][INFO] - Unable to find the element located by 'By.xpath: //input[@id='txtUsername']'. Please recheck the objects properties to make sure the desired element is located. &#xD;
&#xD;
2019-11-04 21:23:51 - [MESSAGE][FAILED] - Unable to set text 'admin' of object 'Object Repository/Data Sources/Page_OrangeHRM/input_LOGIN Panel_txtUsername' (Root cause: com.kms.katalon.core.exception.StepFailedException: Unable to set text 'admin' of object 'Object Repository/Data Sources/Page_OrangeHRM/input_LOGIN Panel_txtUsername'&#xD;
	at com.kms.katalon.core.webui.keyword.internal.WebUIKeywordMain.stepFailed(WebUIKeywordMain.groovy:64)&#xD;
	at com.kms.katalon.core.webui.keyword.internal.WebUIKeywordMain.runKeyword(WebUIKeywordMain.groovy:26)&#xD;
	at com.kms.katalon.core.webui.keyword.builtin.SetTextKeyword.setText(SetTextKeyword.groovy:66)&#xD;
	at com.kms.katalon.core.webui.keyword.builtin.SetTextKeyword.execute(SetTextKeyword.groovy:37)&#xD;
	at com.kms.katalon.core.keyword.internal.KeywordExecutor.executeKeywordForPlatform(KeywordExecutor.groovy:56)&#xD;
	at com.kms.katalon.core.webui.keyword.WebUiBuiltInKeywords.setText(WebUiBuiltInKeywords.groovy:950)&#xD;
	at com.kms.katalon.core.webui.keyword.WebUiBuiltInKeywords$setText$1.call(Unknown Source)&#xD;
	at Login Logout Test Case.run(Login Logout Test Case:21)&#xD;
	at com.kms.katalon.core.main.ScriptEngine.run(ScriptEngine.java:194)&#xD;
	at com.kms.katalon.core.main.ScriptEngine.runScriptAsRawText(ScriptEngine.java:119)&#xD;
	at com.kms.katalon.core.main.TestCaseExecutor.runScript(TestCaseExecutor.java:337)&#xD;
	at com.kms.katalon.core.main.TestCaseExecutor.doExecute(TestCaseExecutor.java:328)&#xD;
	at com.kms.katalon.core.main.TestCaseExecutor.processExecutionPhase(TestCaseExecutor.java:307)&#xD;
	at com.kms.katalon.core.main.TestCaseExecutor.accessMainPhase(TestCaseExecutor.java:299)&#xD;
	at com.kms.katalon.core.main.TestCaseExecutor.execute(TestCaseExecutor.java:233)&#xD;
	at com.kms.katalon.core.main.TestSuiteExecutor.accessTestCaseMainPhase(TestSuiteExecutor.java:169)&#xD;
	at com.kms.katalon.core.main.TestSuiteExecutor.accessTestSuiteMainPhase(TestSuiteExecutor.java:142)&#xD;
	at com.kms.katalon.core.main.TestSuiteExecutor.execute(TestSuiteExecutor.java:91)&#xD;
	at com.kms.katalon.core.main.TestCaseMain.startTestSuite(TestCaseMain.java:157)&#xD;
	at com.kms.katalon.core.main.TestCaseMain$startTestSuite$0.call(Unknown Source)&#xD;
	at TempTestSuite1572880975722.run(TempTestSuite1572880975722.groovy:35)&#xD;
Caused by: com.kms.katalon.core.webui.exception.WebElementNotFoundException: Web element with id: 'Object Repository/Data Sources/Page_OrangeHRM/input_LOGIN Panel_txtUsername' located by 'By.xpath: //input[@id='txtUsername']' not found&#xD;
	at com.kms.katalon.core.webui.common.WebUiCommonHelper.findWebElement(WebUiCommonHelper.java:1097)&#xD;
	at com.kms.katalon.core.webui.keyword.internal.WebUIAbstractKeyword.findWebElement(WebUIAbstractKeyword.groovy:27)&#xD;
	at com.kms.katalon.core.webui.keyword.internal.WebUIAbstractKeyword.findWebElement(WebUIAbstractKeyword.groovy:26)&#xD;
	at com.kms.katalon.core.webui.keyword.builtin.SetTextKeyword$_setText_closure1.doCall(SetTextKeyword.groovy:51)&#xD;
	at com.kms.katalon.core.webui.keyword.builtin.SetTextKeyword$_setText_closure1.call(SetTextKeyword.groovy)&#xD;
	at com.kms.katalon.core.webui.keyword.internal.WebUIKeywordMain.runKeyword(WebUIKeywordMain.groovy:20)&#xD;
	at com.kms.katalon.core.webui.keyword.builtin.SetTextKeyword.setText(SetTextKeyword.groovy:66)&#xD;
	at com.kms.katalon.core.webui.keyword.builtin.SetTextKeyword.execute(SetTextKeyword.groovy:37)&#xD;
	at com.kms.katalon.core.keyword.internal.KeywordExecutor.executeKeywordForPlatform(KeywordExecutor.groovy:56)&#xD;
	at com.kms.katalon.core.webui.keyword.WebUiBuiltInKeywords.setText(WebUiBuiltInKeywords.groovy:950)&#xD;
	at com.kms.katalon.core.webui.keyword.WebUiBuiltInKeywords$setText$1.call(Unknown Source)&#xD;
	at Script1572879205217.run(Script1572879205217.groovy:21)&#xD;
	... 13 more&#xD;
)&#xD;
[[ATTACHMENT|G:\\Katalon Studio\\Katalon Workspace\\Execution Profiles Testing Example\\Reports\\20191104_212255\\Multiple Sources\\Data Sources Test Suite\\20191104_212255\\1572881031326.png]]&#xD;
&#xD;
2019-11-04 21:23:51 - [TEST_STEP][PASSED] - Start listener action : onTestCaseFinish: null&#xD;
&#xD;
2019-11-04 21:23:51 - [TEST_STEP][PASSED] - println("
 Within onTestCaseFinish 
"): null&#xD;
&#xD;
2019-11-04 21:23:51 - [TEST_STEP][PASSED] - Start listener action : sampleAfterTestCase: null&#xD;
&#xD;
2019-11-04 21:23:51 - [TEST_STEP][PASSED] - println(testCaseContext.getTestCaseId()): null&#xD;
&#xD;
2019-11-04 21:23:51 - [TEST_STEP][PASSED] - println(testCaseContext.getTestCaseStatus()): null</system-out>
            <system-err>2019-11-04 21:23:16 - [TEST_CASE][FAILED] - Test Cases/From Multiple Data Sources/Login Logout Test Case: Test Cases/From Multiple Data Sources/Login Logout Test Case FAILED.
Reason:
com.kms.katalon.core.exception.StepFailedException: Unable to set text 'admin' of object 'Object Repository/Data Sources/Page_OrangeHRM/input_LOGIN Panel_txtUsername'&#xD;
	at com.kms.katalon.core.webui.keyword.internal.WebUIKeywordMain.stepFailed(WebUIKeywordMain.groovy:64)&#xD;
	at com.kms.katalon.core.webui.keyword.internal.WebUIKeywordMain.runKeyword(WebUIKeywordMain.groovy:26)&#xD;
	at com.kms.katalon.core.webui.keyword.builtin.SetTextKeyword.setText(SetTextKeyword.groovy:66)&#xD;
	at com.kms.katalon.core.webui.keyword.builtin.SetTextKeyword.execute(SetTextKeyword.groovy:37)&#xD;
	at com.kms.katalon.core.keyword.internal.KeywordExecutor.executeKeywordForPlatform(KeywordExecutor.groovy:56)&#xD;
	at com.kms.katalon.core.webui.keyword.WebUiBuiltInKeywords.setText(WebUiBuiltInKeywords.groovy:950)&#xD;
	at com.kms.katalon.core.webui.keyword.WebUiBuiltInKeywords$setText$1.call(Unknown Source)&#xD;
	at Login Logout Test Case.run(Login Logout Test Case:21)&#xD;
	at com.kms.katalon.core.main.ScriptEngine.run(ScriptEngine.java:194)&#xD;
	at com.kms.katalon.core.main.ScriptEngine.runScriptAsRawText(ScriptEngine.java:119)&#xD;
	at com.kms.katalon.core.main.TestCaseExecutor.runScript(TestCaseExecutor.java:337)&#xD;
	at com.kms.katalon.core.main.TestCaseExecutor.doExecute(TestCaseExecutor.java:328)&#xD;
	at com.kms.katalon.core.main.TestCaseExecutor.processExecutionPhase(TestCaseExecutor.java:307)&#xD;
	at com.kms.katalon.core.main.TestCaseExecutor.accessMainPhase(TestCaseExecutor.java:299)&#xD;
	at com.kms.katalon.core.main.TestCaseExecutor.execute(TestCaseExecutor.java:233)&#xD;
	at com.kms.katalon.core.main.TestSuiteExecutor.accessTestCaseMainPhase(TestSuiteExecutor.java:169)&#xD;
	at com.kms.katalon.core.main.TestSuiteExecutor.accessTestSuiteMainPhase(TestSuiteExecutor.java:142)&#xD;
	at com.kms.katalon.core.main.TestSuiteExecutor.execute(TestSuiteExecutor.java:91)&#xD;
	at com.kms.katalon.core.main.TestCaseMain.startTestSuite(TestCaseMain.java:157)&#xD;
	at com.kms.katalon.core.main.TestCaseMain$startTestSuite$0.call(Unknown Source)&#xD;
	at TempTestSuite1572880975722.run(TempTestSuite1572880975722.groovy:35)&#xD;
Caused by: com.kms.katalon.core.webui.exception.WebElementNotFoundException: Web element with id: 'Object Repository/Data Sources/Page_OrangeHRM/input_LOGIN Panel_txtUsername' located by 'By.xpath: //input[@id='txtUsername']' not found&#xD;
	at com.kms.katalon.core.webui.common.WebUiCommonHelper.findWebElement(WebUiCommonHelper.java:1097)&#xD;
	at com.kms.katalon.core.webui.keyword.internal.WebUIAbstractKeyword.findWebElement(WebUIAbstractKeyword.groovy:27)&#xD;
	at com.kms.katalon.core.webui.keyword.internal.WebUIAbstractKeyword.findWebElement(WebUIAbstractKeyword.groovy:26)&#xD;
	at com.kms.katalon.core.webui.keyword.builtin.SetTextKeyword$_setText_closure1.doCall(SetTextKeyword.groovy:51)&#xD;
	at com.kms.katalon.core.webui.keyword.builtin.SetTextKeyword$_setText_closure1.call(SetTextKeyword.groovy)&#xD;
	at com.kms.katalon.core.webui.keyword.internal.WebUIKeywordMain.runKeyword(WebUIKeywordMain.groovy:20)&#xD;
	... 19 more</system-err>
        </testcase>
        <system-out>2019-11-04 21:22:57 - [TEST_SUITE][INCOMPLETE] - Data Sources Test Suite: null</system-out>
        <system-err>2019-11-04 21:22:57 - [TEST_SUITE][INCOMPLETE] - Data Sources Test Suite: null</system-err>
    </testsuite>
</testsuites>
